<?xml version="1.0" encoding="UTF-8"?>
<!-- Generated by org.testng.reporters.JUnitXMLReporter -->
<testsuite ignored="6" hostname="Medge351" failures="3" tests="7" name="Surefire test" time="54.113" errors="0" timestamp="28 Jul 2022 13:37:33 GMT">
  <testcase classname="com.tideUS.testCases.TC001_SignupTest" name="register" time="0.021">
    <failure type="java.lang.NullPointerException" message="null value in entry: url=null">
      <![CDATA[java.lang.NullPointerException: null value in entry: url=null
at com.google.common.collect.CollectPreconditions.checkEntryNotNull(CollectPreconditions.java:32)
at com.google.common.collect.SingletonImmutableBiMap.<init>(SingletonImmutableBiMap.java:42)
at com.google.common.collect.ImmutableBiMap.of(ImmutableBiMap.java:72)
at com.google.common.collect.ImmutableMap.of(ImmutableMap.java:124)
at org.openqa.selenium.remote.RemoteWebDriver.get(RemoteWebDriver.java:276)
at com.tideUS.testCases.TC001_SignupTest.register(TC001_SignupTest.java:18)
... Removed 28 stack frames]]>
    </failure>
  </testcase> <!-- register -->
  <testcase classname="com.tideUS.testCases.TC002_LoginTest" name="login" time="7.107">
    <failure type="org.openqa.selenium.WebDriverException" message="unknown error: unexpected command response
  (Session info: chrome=103.0.5060.134)
Build info: version: &amp;apos;3.14.0&amp;apos;, revision: &amp;apos;aacccce0&amp;apos;, time: &amp;apos;2018-08-02T20:19:58.91Z&amp;apos;
System info: host: &amp;apos;MEDGE351&amp;apos;, ip: &amp;apos;172.18.12.6&amp;apos;, os.name: &amp;apos;Windows 10&amp;apos;, os.arch: &amp;apos;amd64&amp;apos;, os.version: &amp;apos;10.0&amp;apos;, java.version: &amp;apos;18.0.1&amp;apos;
Driver info: org.openqa.selenium.chrome.ChromeDriver
Capabilities {acceptInsecureCerts: false, browserName: chrome, browserVersion: 103.0.5060.134, chrome: {chromedriverVersion: 102.0.5005.61 (0e59bcc00cc4..., userDataDir: C:\Users\MINDC1~1\AppData\L...}, goog:chromeOptions: {debuggerAddress: localhost:50748}, javascriptEnabled: true, networkConnectionEnabled: false, pageLoadStrategy: normal, platform: WINDOWS, platformName: WINDOWS, proxy: Proxy(), setWindowRect: true, strictFileInteractability: false, timeouts: {implicit: 0, pageLoad: 300000, script: 30000}, unhandledPromptBehavior: dismiss and notify, webauthn:extension:credBlob: true, webauthn:extension:largeBlob: true, webauthn:virtualAuthenticators: true}
Session ID: 072b4bde1977cc66a9c0136401b9e4d5
*** Element info: {Using=xpath, value=//*[text()=&amp;apos;Thanks for signing up!&amp;apos;]}">
      <![CDATA[org.openqa.selenium.WebDriverException: unknown error: unexpected command response
  (Session info: chrome=103.0.5060.134)
Build info: version: '3.14.0', revision: 'aacccce0', time: '2018-08-02T20:19:58.91Z'
System info: host: 'MEDGE351', ip: '172.18.12.6', os.name: 'Windows 10', os.arch: 'amd64', os.version: '10.0', java.version: '18.0.1'
Driver info: org.openqa.selenium.chrome.ChromeDriver
Capabilities {acceptInsecureCerts: false, browserName: chrome, browserVersion: 103.0.5060.134, chrome: {chromedriverVersion: 102.0.5005.61 (0e59bcc00cc4..., userDataDir: C:\Users\MINDC1~1\AppData\L...}, goog:chromeOptions: {debuggerAddress: localhost:50748}, javascriptEnabled: true, networkConnectionEnabled: false, pageLoadStrategy: normal, platform: WINDOWS, platformName: WINDOWS, proxy: Proxy(), setWindowRect: true, strictFileInteractability: false, timeouts: {implicit: 0, pageLoad: 300000, script: 30000}, unhandledPromptBehavior: dismiss and notify, webauthn:extension:credBlob: true, webauthn:extension:largeBlob: true, webauthn:virtualAuthenticators: true}
Session ID: 072b4bde1977cc66a9c0136401b9e4d5
*** Element info: {Using=xpath, value=//*[text()='Thanks for signing up!']}
at org.openqa.selenium.remote.http.W3CHttpResponseCodec.createException(W3CHttpResponseCodec.java:187)
at org.openqa.selenium.remote.http.W3CHttpResponseCodec.decode(W3CHttpResponseCodec.java:122)
at org.openqa.selenium.remote.http.W3CHttpResponseCodec.decode(W3CHttpResponseCodec.java:49)
at org.openqa.selenium.remote.HttpCommandExecutor.execute(HttpCommandExecutor.java:158)
at org.openqa.selenium.remote.service.DriverCommandExecutor.execute(DriverCommandExecutor.java:83)
at org.openqa.selenium.remote.RemoteWebDriver.execute(RemoteWebDriver.java:548)
at org.openqa.selenium.remote.RemoteWebDriver.findElements(RemoteWebDriver.java:349)
at org.openqa.selenium.remote.RemoteWebDriver.findElementsByXPath(RemoteWebDriver.java:428)
at org.openqa.selenium.By$ByXPath.findElements(By.java:348)
at org.openqa.selenium.remote.RemoteWebDriver.findElements(RemoteWebDriver.java:310)
at org.openqa.selenium.support.ui.ExpectedConditions.findElement(ExpectedConditions.java:895)
at org.openqa.selenium.support.ui.ExpectedConditions.access$000(ExpectedConditions.java:44)
at org.openqa.selenium.support.ui.ExpectedConditions$7.apply(ExpectedConditions.java:206)
at org.openqa.selenium.support.ui.ExpectedConditions$7.apply(ExpectedConditions.java:202)
at org.openqa.selenium.support.ui.FluentWait.until(FluentWait.java:260)
at com.tideUS.testCases.TC002_LoginTest.login(TC002_LoginTest.java:38)
... Removed 31 stack frames]]>
    </failure>
  </testcase> <!-- login -->
  <testcase classname="com.tideUS.testCases.TC003_SearchTest" name="search" time="0.001">
    <failure type="java.lang.NullPointerException" message="Cannot invoke &amp;quot;com.aventstack.extentreports.ExtentReports.createTest(String)&amp;quot; because &amp;quot;this.extent&amp;quot; is null">
      <![CDATA[java.lang.NullPointerException: Cannot invoke "com.aventstack.extentreports.ExtentReports.createTest(String)" because "this.extent" is null
at com.tideUS.testCases.TC003_SearchTest.search(TC003_SearchTest.java:17)
... Removed 28 stack frames]]>
    </failure>
  </testcase> <!-- search -->
  <testcase classname="com.tideUS.testCases.TC004_TakeThePledgeTest" name="pledge" time="3.734"/>
  <testcase classname="com.tideUS.testCases.TC005_ShopTest" name="shop" time="23.307"/>
  <testcase classname="com.tideUS.testCases.TC006_LoadsofHopeTest" name="hope" time="3.12"/>
  <testcase classname="com.tideUS.testCases.TC007_LaundaryTest" name="laundary" time="4.983"/>
  <testcase classname="com.tideUS.testCases.BaseClass" name="@BeforeSuite setup_reporter" time="0.0">
    <ignored/>
  </testcase> <!-- @BeforeSuite setup_reporter -->
  <testcase classname="com.tideUS.testCases.BaseClass" name="@BeforeSuite setup_reporter" time="0.0">
    <ignored/>
  </testcase> <!-- @BeforeSuite setup_reporter -->
  <testcase classname="com.tideUS.testCases.BaseClass" name="@BeforeSuite setup_reporter" time="0.0">
    <ignored/>
  </testcase> <!-- @BeforeSuite setup_reporter -->
  <testcase classname="com.tideUS.testCases.BaseClass" name="@BeforeSuite setup_reporter" time="0.0">
    <ignored/>
  </testcase> <!-- @BeforeSuite setup_reporter -->
  <testcase classname="com.tideUS.testCases.BaseClass" name="@BeforeSuite setup_reporter" time="0.0">
    <ignored/>
  </testcase> <!-- @BeforeSuite setup_reporter -->
  <testcase classname="com.tideUS.testCases.BaseClass" name="@BeforeSuite setup_reporter" time="0.0">
    <ignored/>
  </testcase> <!-- @BeforeSuite setup_reporter -->
</testsuite> <!-- Surefire test -->
